<?xml version="1.0" encoding="UTF-8"?>
<!-- Generated by org.testng.reporters.JUnitReportReporter -->
<testsuite hostname="DESKTOP-M80CJ1N" failures="0" tests="1" name="TestScript.TestCase4" time="15.438" errors="0" timestamp="2022-04-29T14:17:17 IST" skipped="0">
  <testcase classname="TestScript.TestCase4" name="Test4" time="15.438"/>
  <system-out/>
</testsuite> <!-- TestScript.TestCase4 -->
