<?xml version="1.0" encoding="UTF-8"?>
<!-- Generated by org.testng.reporters.JUnitReportReporter -->
<testsuite hostname="DESKTOP-M80CJ1N" failures="0" tests="4" name="TestScript.TestCase2" time="58.932" errors="0" timestamp="2022-04-29T14:17:17 IST" skipped="0">
  <testcase classname="TestScript.TestCase2" name="test" time="14.571"/>
  <system-out/>
  <testcase classname="TestScript.TestCase2" name="test" time="19.794"/>
  <system-out/>
  <testcase classname="TestScript.TestCase2" name="test" time="10.748"/>
  <system-out/>
  <testcase classname="TestScript.TestCase2" name="test" time="13.819"/>
  <system-out/>
</testsuite> <!-- TestScript.TestCase2 -->
