<?xml version="1.0" encoding="UTF-8"?>
<!-- Generated by org.testng.reporters.JUnitReportReporter -->
<testsuite hostname="DESKTOP-M80CJ1N" failures="0" tests="1" name="TestScript.TestCase3" time="16.774" errors="0" timestamp="2022-04-29T14:17:17 IST" skipped="0">
  <testcase classname="TestScript.TestCase3" name="Test3" time="16.774"/>
  <system-out/>
</testsuite> <!-- TestScript.TestCase3 -->
